# JRE version: Java(TM) SE Runtime Environment (12.0.2+10) (build 12.0.2+10)
# Java VM: Java HotSpot(TM) 64-Bit Server VM (12.0.2+10, mixed mode, sharing, tiered, compressed oops, g1 gc, windows-amd64)
Heap:
 garbage-first heap   total 140288K, used 130318K [0x00000000c1e00000, 0x0000000100000000)
  region size 1024K, 3 young (3072K), 1 survivors (1024K)
 Metaspace       used 7239K, capacity 7532K, committed 7680K, reserved 1056768K
  class space    used 777K, capacity 923K, committed 1024K, reserved 1048576K
GC Heap History (10 events):
Event: 5.125 GC heap before
{Heap before GC invocations=62 (full 0):
 garbage-first heap   total 55296K, used 22788K [0x00000000c1e00000, 0x0000000100000000)
  region size 1024K, 2 young (2048K), 1 survivors (1024K)
 Metaspace       used 7168K, capacity 7468K, committed 7680K, reserved 1056768K
  class space    used 777K, capacity 923K, committed 1024K, reserved 1048576K
}
Event: 5.126 GC heap after
{Heap after GC invocations=63 (full 0):
 garbage-first heap   total 66560K, used 10501K [0x00000000c1e00000, 0x0000000100000000)
  region size 1024K, 1 young (1024K), 1 survivors (1024K)
 Metaspace       used 7168K, capacity 7468K, committed 7680K, reserved 1056768K
  class space    used 777K, capacity 923K, committed 1024K, reserved 1048576K
}
Event: 5.206 GC heap before
{Heap before GC invocations=64 (full 0):
 garbage-first heap   total 65536K, used 26885K [0x00000000c1e00000, 0x0000000100000000)
  region size 1024K, 2 young (2048K), 1 survivors (1024K)
 Metaspace       used 7168K, capacity 7468K, committed 7680K, reserved 1056768K
  class space    used 777K, capacity 923K, committed 1024K, reserved 1048576K
}
Event: 5.207 GC heap after
{Heap after GC invocations=65 (full 0):
 garbage-first heap   total 65536K, used 20743K [0x00000000c1e00000, 0x0000000100000000)
  region size 1024K, 1 young (1024K), 1 survivors (1024K)
 Metaspace       used 7168K, capacity 7468K, committed 7680K, reserved 1056768K
  class space    used 777K, capacity 923K, committed 1024K, reserved 1048576K
}
Event: 5.229 GC heap before
{Heap before GC invocations=66 (full 0):
 garbage-first heap   total 65536K, used 26887K [0x00000000c1e00000, 0x0000000100000000)
  region size 1024K, 2 young (2048K), 1 survivors (1024K)
 Metaspace       used 7168K, capacity 7468K, committed 7680K, reserved 1056768K
  class space    used 777K, capacity 923K, committed 1024K, reserved 1048576K
}
Event: 5.229 GC heap after
{Heap after GC invocations=67 (full 0):
 garbage-first heap   total 65536K, used 10503K [0x00000000c1e00000, 0x0000000100000000)
  region size 1024K, 1 young (1024K), 1 survivors (1024K)
 Metaspace       used 7168K, capacity 7468K, committed 7680K, reserved 1056768K
  class space    used 777K, capacity 923K, committed 1024K, reserved 1048576K
}
Event: 5.285 GC heap before
{Heap before GC invocations=68 (full 0):
 garbage-first heap   total 58368K, used 22791K [0x00000000c1e00000, 0x0000000100000000)
  region size 1024K, 2 young (2048K), 1 survivors (1024K)
 Metaspace       used 7168K, capacity 7468K, committed 7680K, reserved 1056768K
  class space    used 777K, capacity 923K, committed 1024K, reserved 1048576K
}
Event: 5.285 GC heap after
{Heap after GC invocations=69 (full 0):
 garbage-first heap   total 58368K, used 16651K [0x00000000c1e00000, 0x0000000100000000)
  region size 1024K, 1 young (1024K), 1 survivors (1024K)
 Metaspace       used 7168K, capacity 7468K, committed 7680K, reserved 1056768K
  class space    used 777K, capacity 923K, committed 1024K, reserved 1048576K
}
Event: 5.308 GC heap before
{Heap before GC invocations=70 (full 0):
 garbage-first heap   total 58368K, used 22795K [0x00000000c1e00000, 0x0000000100000000)
  region size 1024K, 2 young (2048K), 1 survivors (1024K)
 Metaspace       used 7168K, capacity 7468K, committed 7680K, reserved 1056768K
  class space    used 777K, capacity 923K, committed 1024K, reserved 1048576K
}
Event: 5.310 GC heap after
{Heap after GC invocations=71 (full 0):
 garbage-first heap   total 70656K, used 10510K [0x00000000c1e00000, 0x0000000100000000)
  region size 1024K, 1 young (1024K), 1 survivors (1024K)
 Metaspace       used 7168K, capacity 7468K, committed 7680K, reserved 1056768K
  class space    used 777K, capacity 923K, committed 1024K, reserved 1048576K
}

